[2026-02-12 16:36:37] Executing bootstrap tasks
[2026-02-12 16:36:37] OpenJDK Runtime Environment 21.0.10+7-LTS
[2026-02-12 16:36:37] Product org.eclipse.products.epp.package.java.latest.released
[2026-02-12 16:36:37] Bundle org.eclipse.oomph.setup 1.34.0.v20251223-0956, build=1319, branch=b8aadbca6c9599e981bf6333a927a5bd13460b67
[2026-02-12 16:36:37] Bundle org.eclipse.oomph.setup.core 1.35.0.v20251106-1319, build=1319, branch=b8aadbca6c9599e981bf6333a927a5bd13460b67
[2026-02-12 16:36:37] Bundle org.eclipse.oomph.setup.p2 1.23.0.v20251008-0516, build=1319, branch=b8aadbca6c9599e981bf6333a927a5bd13460b67
[2026-02-12 16:36:37] Performing P2 Director (Eclipse IDE for Java Developers (2025-12))
[2026-02-12 16:36:37] Offline = false
[2026-02-12 16:36:37] Mirrors = true
[2026-02-12 16:36:37] Resolving 28 requirements from 3 repositories to /home/antxnio/eclipse-workspace/eclipse
[2026-02-12 16:36:37] Requirement org.eclipse.equinox.p2.iu:epp.package.java [4.38.0,5.0.0) (filter=(|(&(osgi.arch=aarch64)(osgi.os=linux)(osgi.ws=gtk))(&(osgi.arch=aarch64)(osgi.os=macosx)(osgi.ws=cocoa))(&(osgi.arch=aarch64)(osgi.os=win32)(osgi.ws=win32))(&(osgi.arch=riscv64)(osgi.os=linux)(osgi.ws=gtk))(&(osgi.arch=x86_64)(osgi.os=linux)(osgi.ws=gtk))(&(osgi.arch=x86_64)(osgi.os=macosx)(osgi.ws=cocoa))(&(osgi.arch=x86_64)(osgi.os=win32)(osgi.ws=win32))))
[2026-02-12 16:36:37] Requirement org.eclipse.equinox.p2.iu:org.eclipse.platform.feature.group [4.38.0,5.0.0)
[2026-02-12 16:36:37] Requirement org.eclipse.equinox.p2.iu:org.eclipse.rcp.feature.group [4.38.0,5.0.0)
[2026-02-12 16:36:37] Requirement org.eclipse.equinox.p2.iu:org.eclipse.buildship.feature.group
[2026-02-12 16:36:37] Requirement org.eclipse.equinox.p2.iu:org.eclipse.eclemma.feature.feature.group
[2026-02-12 16:36:37] Requirement org.eclipse.equinox.p2.iu:org.eclipse.egit.feature.group
[2026-02-12 16:36:37] Requirement org.eclipse.equinox.p2.iu:org.eclipse.epp.mpc.feature.group
[2026-02-12 16:36:37] Requirement org.eclipse.equinox.p2.iu:org.eclipse.jdt.bcoview.feature.feature.group
[2026-02-12 16:36:37] Requirement org.eclipse.equinox.p2.iu:org.eclipse.jdt.feature.group
[2026-02-12 16:36:37] Requirement org.eclipse.equinox.p2.iu:org.eclipse.jgit.feature.group
[2026-02-12 16:36:37] Requirement org.eclipse.equinox.p2.iu:org.eclipse.m2e.feature.feature.group
[2026-02-12 16:36:37] Requirement org.eclipse.equinox.p2.iu:org.eclipse.m2e.lemminx.feature.feature.group
[2026-02-12 16:36:37] Requirement org.eclipse.equinox.p2.iu:org.eclipse.m2e.logback.feature.feature.group
[2026-02-12 16:36:37] Requirement org.eclipse.equinox.p2.iu:org.eclipse.mylyn.commons.activity.feature.feature.group
[2026-02-12 16:36:37] Requirement org.eclipse.equinox.p2.iu:org.eclipse.mylyn.egit.feature.feature.group
[2026-02-12 16:36:37] Requirement org.eclipse.equinox.p2.iu:org.eclipse.mylyn.git.feature.feature.group
[2026-02-12 16:36:37] Requirement org.eclipse.equinox.p2.iu:org.eclipse.mylyn.github.feature.feature.group
[2026-02-12 16:36:37] Requirement org.eclipse.equinox.p2.iu:org.eclipse.mylyn.ide.feature.feature.group
[2026-02-12 16:36:37] Requirement org.eclipse.equinox.p2.iu:org.eclipse.mylyn.jdt.feature.feature.group
[2026-02-12 16:36:37] Requirement org.eclipse.equinox.p2.iu:org.eclipse.mylyn.jenkins.feature.feature.group
[2026-02-12 16:36:37] Requirement org.eclipse.equinox.p2.iu:org.eclipse.mylyn.reviews.feature.feature.group
[2026-02-12 16:36:37] Requirement org.eclipse.equinox.p2.iu:org.eclipse.mylyn.wikitext.feature.feature.group
[2026-02-12 16:36:37] Requirement org.eclipse.equinox.p2.iu:org.eclipse.terminal.feature.feature.group
[2026-02-12 16:36:37] Requirement org.eclipse.equinox.p2.iu:org.eclipse.tips.feature.feature.group
[2026-02-12 16:36:37] Requirement org.eclipse.equinox.p2.iu:org.eclipse.tm4e.feature.feature.group
[2026-02-12 16:36:37] Requirement org.eclipse.equinox.p2.iu:org.eclipse.tm4e.language_pack.feature.feature.group
[2026-02-12 16:36:37] Requirement org.eclipse.equinox.p2.iu:org.eclipse.wildwebdeveloper.xml.feature.feature.group
[2026-02-12 16:36:37] Requirement org.eclipse.equinox.p2.iu:org.eclipse.oomph.setup.feature.group
[2026-02-12 16:36:37] Repository https://download.eclipse.org/technology/epp/packages/2025-12/202512041000
[2026-02-12 16:36:37] Repository https://download.eclipse.org/releases/2025-12/202512101000
[2026-02-12 16:36:37] Repository https://download.eclipse.org/oomph/updates/latest
[2026-02-12 16:36:39] Calculating requirements and dependencies.
[2026-02-12 16:36:39] Computing prerequisite plan
[2026-02-12 16:36:42] Collecting 2 artifacts from https://download.eclipse.org/releases/2025-12/202512101000
[2026-02-12 16:36:42] Collected 2 artifacts for https://download.eclipse.org/releases/2025-12/202512101000 in 0.003s
[2026-02-12 16:36:42] Collecting 1 artifacts from https://download.eclipse.org/technology/epp/packages/2025-12/202512041000
[2026-02-12 16:36:42] Collected 1 artifacts for https://download.eclipse.org/technology/epp/packages/2025-12/202512041000 in 0s
[2026-02-12 16:36:48] Installing a.jre.javase [26.0.0]
[2026-02-12 16:36:48] Installing bcpg [1.82.0]
[2026-02-12 16:36:48] Installing bcpkix [1.82.0]
[2026-02-12 16:36:48] Installing bcprov [1.82.0]
[2026-02-12 16:36:48] Installing bcutil [1.82.0]
[2026-02-12 16:36:48] Installing biz.aQute.bnd.util [7.1.0.202411251545]
[2026-02-12 16:36:48] Installing biz.aQute.bndlib [7.1.0.202411251545]
[2026-02-12 16:36:48] Installing ch.qos.logback.classic [1.5.21]
[2026-02-12 16:36:48] Installing ch.qos.logback.core [1.5.21]
[2026-02-12 16:36:48] Installing com.github.weisj.jsvg [2.0.0]
[2026-02-12 16:36:48] Installing com.google.gson [2.13.2]
[2026-02-12 16:36:48] Installing com.google.guava [33.5.0.jre]
[2026-02-12 16:36:48] Installing com.google.guava.failureaccess [1.0.3]
[2026-02-12 16:36:48] Installing com.googlecode.javaewah.JavaEWAH [1.2.3]
[2026-02-12 16:36:48] Installing com.ibm.icu [78.1.0]
[2026-02-12 16:36:48] Installing com.jcraft.jsch [0.1.55.v20230916-1400]
[2026-02-12 16:36:48] Installing com.mountainminds.eclemma.core [3.1.11.202511262126]
[2026-02-12 16:36:48] Installing com.sun.jna [5.18.1.v20251001-0800]
[2026-02-12 16:36:48] Installing com.sun.jna.platform [5.18.1]
[2026-02-12 16:36:48] Installing com.sun.xml.bind [2.3.3.v20221203-1659]
[2026-02-12 16:36:48] Installing configure.logback.classic [2.7.200.20251018-1026]
[2026-02-12 16:36:48] Installing epp.package.java [4.38.0.20251204-0849]
[2026-02-12 16:36:48] Installing epp.package.java.executable.gtk.linux.x86_64 [4.38.0.20251204-0849]
[2026-02-12 16:36:48] Installing epp.package.java.executable.gtk.linux.x86_64.eclipse [4.38.0.20251204-0849]
[2026-02-12 16:36:48] Installing jakarta.annotation-api [2.1.1]
[2026-02-12 16:36:48] Installing jakarta.inject.jakarta.inject-api [1.0.5]
[2026-02-12 16:36:48] Installing jakarta.xml.bind-api [2.3.3]
[2026-02-12 16:36:48] Installing javax.activation [1.2.2.v20221203-1659]
[2026-02-12 16:36:48] Installing jaxen [2.0.0]
[2026-02-12 16:36:48] Installing junit-jupiter-api [6.0.1]
[2026-02-12 16:36:48] Installing junit-jupiter-engine [5.14.1]
[2026-02-12 16:36:48] Installing junit-jupiter-migrationsupport [5.14.1]
[2026-02-12 16:36:48] Installing junit-jupiter-params [6.0.1]
[2026-02-12 16:36:48] Installing junit-platform-commons [6.0.1]
[2026-02-12 16:36:48] Installing junit-platform-engine [1.14.1]
[2026-02-12 16:36:48] Installing junit-platform-launcher [6.0.1]
[2026-02-12 16:36:48] Installing junit-platform-runner [1.14.1]
[2026-02-12 16:36:48] Installing junit-platform-suite-api [1.14.1]
[2026-02-12 16:36:48] Installing junit-platform-suite-commons [1.14.1]
[2026-02-12 16:36:48] Installing junit-platform-suite-engine [6.0.1]
[2026-02-12 16:36:48] Installing junit-vintage-engine [5.14.1]
[2026-02-12 16:36:48] Installing net.bytebuddy.byte-buddy-agent [1.18.1]
[2026-02-12 16:36:48] Installing org.apache.ant [1.10.15.v20240901-1000]
[2026-02-12 16:36:48] Installing org.apache.aries.spifly.dynamic.bundle [1.3.7]
[2026-02-12 16:36:48] Installing org.apache.batik.constants [1.19.0.v20250506-1400]
[2026-02-12 16:36:48] Installing org.apache.batik.css [1.19.0.v20250506-1400]
[2026-02-12 16:36:48] Installing org.apache.batik.i18n [1.19.0.v20250506-1400]
[2026-02-12 16:36:48] Installing org.apache.batik.util [1.19.0.v20250506-1400]
[2026-02-12 16:36:48] Installing org.apache.commons.cli [1.11.0]
[2026-02-12 16:36:48] Installing org.apache.commons.commons-codec [1.21.0]
[2026-02-12 16:36:48] Installing org.apache.commons.commons-collections4 [4.5.0]
[2026-02-12 16:36:48] Installing org.apache.commons.commons-compress [1.28.0]
[2026-02-12 16:36:48] Installing org.apache.commons.commons-io [2.21.0]
[2026-02-12 16:36:48] Installing org.apache.commons.commons-logging [1.3.5]
[2026-02-12 16:36:48] Installing org.apache.commons.httpclient [3.1.0.v20240401-1000]
[2026-02-12 16:36:48] Installing org.apache.commons.lang3 [3.20.0]
[2026-02-12 16:36:48] Installing org.apache.commons.logging [1.2.0]
[2026-02-12 16:36:48] Installing org.apache.commons.text [1.14.0]
[2026-02-12 16:36:48] Installing org.apache.felix.gogo.command [1.1.2]
[2026-02-12 16:36:48] Installing org.apache.felix.gogo.runtime [1.1.6]
[2026-02-12 16:36:48] Installing org.apache.felix.gogo.shell [1.1.4]
[2026-02-12 16:36:48] Installing org.apache.felix.scr [2.2.14]
[2026-02-12 16:36:48] Installing org.apache.httpcomponents.client5.httpclient5 [5.5.1.v20250928-1600]
[2026-02-12 16:36:48] Installing org.apache.httpcomponents.core5.httpcore5 [5.3.6.v20250921-0900]
[2026-02-12 16:36:48] Installing org.apache.httpcomponents.core5.httpcore5-h2 [5.3.6.v20250921-0900]
[2026-02-12 16:36:48] Installing org.apache.httpcomponents.httpclient [4.5.14]
[2026-02-12 16:36:48] Installing org.apache.httpcomponents.httpcore [4.4.16]
[2026-02-12 16:36:48] Installing org.apache.lucene.analysis-common [10.3.2.v20251117-1800]
[2026-02-12 16:36:48] Installing org.apache.lucene.analysis-smartcn [10.3.2.v20251117-1800]
[2026-02-12 16:36:48] Installing org.apache.lucene.core [10.3.2.v20251117-1800]
[2026-02-12 16:36:48] Installing org.apache.lucene.facet [10.3.2.v20251117-1800]
[2026-02-12 16:36:48] Installing org.apache.lucene.queries [10.3.2.v20251117-1800]
[2026-02-12 16:36:48] Installing org.apache.lucene.queryparser [10.3.2.v20251117-1800]
[2026-02-12 16:36:48] Installing org.apache.lucene.sandbox [10.3.2.v20251117-1800]
[2026-02-12 16:36:48] Installing org.apache.sshd.osgi [2.16.0]
[2026-02-12 16:36:48] Installing org.apache.sshd.sftp [2.16.0]
[2026-02-12 16:36:48] Installing org.apache.tika.core [3.2.3]
[2026-02-12 16:36:48] Installing org.apache.ws.commons.util [1.0.2.v20230723-0712]
[2026-02-12 16:36:48] Installing org.apache.xerces [2.12.2.v20230928-1306]
[2026-02-12 16:36:48] Installing org.apache.xml.resolver [1.2.0.v20230928-1222]
[2026-02-12 16:36:48] Installing org.apache.xmlgraphics [2.11.0.v20250506-1400]
[2026-02-12 16:36:48] Installing org.apache.xmlrpc.client [3.1.3.v20160817-1930]
[2026-02-12 16:36:48] Installing org.apache.xmlrpc.common [3.1.3.v20181004-1955]
[2026-02-12 16:36:48] Installing org.apiguardian.api [1.1.2]
[2026-02-12 16:36:48] Installing org.commonmark [0.27.0]
[2026-02-12 16:36:48] Installing org.commonmark.ext-gfm-tables [0.27.0]
[2026-02-12 16:36:48] Installing org.eclipse.ant.core [3.7.700.v20250609-0415]
[2026-02-12 16:36:48] Installing org.eclipse.ant.launching [1.4.900.v20251112-1253]
[2026-02-12 16:36:48] Installing org.eclipse.ant.ui [3.10.300.v20251030-0647]
[2026-02-12 16:36:48] Installing org.eclipse.buildship.branding [3.1.10.v20240802-1314]
[2026-02-12 16:36:48] Installing org.eclipse.buildship.compat [3.1.10.v20240802-1314]
[2026-02-12 16:36:48] Installing org.eclipse.buildship.core [3.1.10.v20240802-1314]
[2026-02-12 16:36:48] Installing org.eclipse.buildship.feature.group [3.1.10.v20240802-1314]
[2026-02-12 16:36:48] Installing org.eclipse.buildship.feature.jar [3.1.10.v20240802-1314]
[2026-02-12 16:36:48] Installing org.eclipse.buildship.ui [3.1.10.v20240802-1314]
[2026-02-12 16:36:48] Installing org.eclipse.cdt.core.linux [6.1.100.202402230238]
[2026-02-12 16:36:48] Installing org.eclipse.cdt.core.linux.x86_64 [12.3.0.202512021919]
[2026-02-12 16:36:48] Installing org.eclipse.cdt.core.native [6.6.0.202512020204]
[2026-02-12 16:36:48] Installing org.eclipse.compare [3.11.600.v20251105-1253]
[2026-02-12 16:36:48] Installing org.eclipse.compare.core [3.8.800.v20250718-1505]
[2026-02-12 16:36:48] Installing org.eclipse.core.commands [3.12.500.v20251103-0733]
[2026-02-12 16:36:48] Installing org.eclipse.core.contenttype [3.9.800.v20251105-1620]
[2026-02-12 16:36:48] Installing org.eclipse.core.databinding [1.13.700.v20251023-1511]
[2026-02-12 16:36:48] Installing org.eclipse.core.databinding.beans [1.10.500.v20250916-0941]
[2026-02-12 16:36:48] Installing org.eclipse.core.databinding.observable [1.13.500.v20251103-0735]
[2026-02-12 16:36:48] Installing org.eclipse.core.databinding.property [1.10.500.v20250916-0931]
[2026-02-12 16:36:48] Installing org.eclipse.core.expressions [3.9.500.v20250608-0434]
[2026-02-12 16:36:48] Installing org.eclipse.core.externaltools [1.3.500.v20250609-0415]
[2026-02-12 16:36:48] Installing org.eclipse.core.filebuffers [3.8.500.v20251103-0746]
[2026-02-12 16:36:48] Installing org.eclipse.core.filesystem [1.11.400.v20251107-0507]
[2026-02-12 16:36:48] Installing org.eclipse.core.filesystem.linux.x86_64 [1.2.400.v20220812-1420]
[2026-02-12 16:36:48] Installing org.eclipse.core.jobs [3.15.700.v20250725-1147]
[2026-02-12 16:36:48] Installing org.eclipse.core.net [1.5.800.v20250613-1119]
[2026-02-12 16:36:48] Installing org.eclipse.core.resources [3.23.100.v20251106-1705]
[2026-02-12 16:36:48] Installing org.eclipse.core.runtime [3.34.100.v20251111-1421]
[2026-02-12 16:36:48] Installing org.eclipse.core.variables [3.6.700.v20250913-1442]
[2026-02-12 16:36:48] Installing org.eclipse.debug.core [3.23.200.v20251107-0507]
[2026-02-12 16:36:48] Installing org.eclipse.debug.ui [3.19.100.v20251114-0802]
[2026-02-12 16:36:48] Installing org.eclipse.debug.ui.launchview [1.1.900.v20250607-0654]
[2026-02-12 16:36:48] Installing org.eclipse.e4.core.commands [1.1.700.v20250916-0927]
[2026-02-12 16:36:48] Installing org.eclipse.e4.core.contexts [1.13.200.v20250609-0437]
[2026-02-12 16:36:48] Installing org.eclipse.e4.core.di [1.9.700.v20250609-0907]
[2026-02-12 16:36:48] Installing org.eclipse.e4.core.di.annotations [1.8.400.v20240413-1529]
[2026-02-12 16:36:48] Installing org.eclipse.e4.core.di.extensions [0.18.300.v20240413-1529]
[2026-02-12 16:36:48] Installing org.eclipse.e4.core.di.extensions.supplier [0.17.900.v20250609-0432]
[2026-02-12 16:36:48] Installing org.eclipse.e4.core.services [2.5.300.v20251112-1253]
[2026-02-12 16:36:48] Installing org.eclipse.e4.emf.xpath [0.6.100.v20251103-0738]
[2026-02-12 16:36:48] Installing org.eclipse.e4.rcp.feature.group [4.38.0.v20251126-0427]
[2026-02-12 16:36:48] Installing org.eclipse.e4.rcp.feature.jar [4.38.0.v20251126-0427]
[2026-02-12 16:36:48] Installing org.eclipse.e4.ui.bindings [0.14.800.v20250916-0937]
[2026-02-12 16:36:48] Installing org.eclipse.e4.ui.css.core [0.14.600.v20251112-0859]
[2026-02-12 16:36:48] Installing org.eclipse.e4.ui.css.swt [0.15.700.v20251023-1511]
[2026-02-12 16:36:48] Installing org.eclipse.e4.ui.css.swt.theme [0.14.600.v20251023-0615]
[2026-02-12 16:36:48] Installing org.eclipse.e4.ui.di [1.5.700.v20250917-0901]
[2026-02-12 16:36:48] Installing org.eclipse.e4.ui.dialogs [1.6.200.v20250917-0721]
[2026-02-12 16:36:48] Installing org.eclipse.e4.ui.ide [3.17.300.v20250917-0547]
[2026-02-12 16:36:48] Installing org.eclipse.e4.ui.model.workbench [2.4.700.v20251029-0840]
[2026-02-12 16:36:48] Installing org.eclipse.e4.ui.progress [0.4.900.v20251023-1511]
[2026-02-12 16:36:48] Installing org.eclipse.e4.ui.services [1.6.600.v20251023-1358]
[2026-02-12 16:36:48] Installing org.eclipse.e4.ui.swt.gtk [1.2.200.v20240416-0658]
[2026-02-12 16:36:48] Installing org.eclipse.e4.ui.widgets [1.4.300.v20251002-1328]
[2026-02-12 16:36:48] Installing org.eclipse.e4.ui.workbench [1.18.100.v20251023-1358]
[2026-02-12 16:36:48] Installing org.eclipse.e4.ui.workbench.addons.swt [1.5.900.v20251007-0832]
[2026-02-12 16:36:48] Installing org.eclipse.e4.ui.workbench.renderers.swt [0.16.1000.v20251114-0005]
[2026-02-12 16:36:48] Installing org.eclipse.e4.ui.workbench.swt [0.17.1000.v20251023-0611]
[2026-02-12 16:36:48] Installing org.eclipse.e4.ui.workbench3 [0.17.600.v20250918-0518]
[2026-02-12 16:36:48] Installing org.eclipse.ecf [3.13.0.v20250304-2338]
[2026-02-12 16:36:48] Installing org.eclipse.ecf.discovery [5.3.0.v20241230-2050]
[2026-02-12 16:36:48] Installing org.eclipse.ecf.filetransfer [5.1.103.v20230705-0614]
[2026-02-12 16:36:48] Installing org.eclipse.ecf.identity [3.10.0.v20240812-1535]
[2026-02-12 16:36:48] Installing org.eclipse.ecf.provider.filetransfer [3.3.100.v20250115-0406]
[2026-02-12 16:36:48] Installing org.eclipse.ecf.provider.filetransfer.httpclient5 [1.1.101.v20250818-1641]
[2026-02-12 16:36:48] Installing org.eclipse.ecf.provider.filetransfer.httpclientjava [2.1.1.v20250818-1641]
[2026-02-12 16:36:48] Installing org.eclipse.ecf.provider.jmdns [4.4.0.v20231021-2050]
[2026-02-12 16:36:48] Installing org.eclipse.eclemma.core [3.1.11.202511262126]
[2026-02-12 16:36:48] Installing org.eclipse.eclemma.doc [3.1.11.202511262126]
[2026-02-12 16:36:48] Installing org.eclipse.eclemma.feature.feature.group [3.1.11.202511262126]
[2026-02-12 16:36:48] Installing org.eclipse.eclemma.feature.feature.jar [3.1.11.202511262126]
[2026-02-12 16:36:48] Installing org.eclipse.eclemma.ui [3.1.11.202511262126]
[2026-02-12 16:36:48] Installing org.eclipse.egit [7.5.0.202512021534-r]
[2026-02-12 16:36:48] Installing org.eclipse.egit.core [7.5.0.202512021534-r]
[2026-02-12 16:36:48] Installing org.eclipse.egit.doc [7.5.0.202512021534-r]
[2026-02-12 16:36:48] Installing org.eclipse.egit.feature.group [7.5.0.202512021534-r]
[2026-02-12 16:36:48] Installing org.eclipse.egit.feature.jar [7.5.0.202512021534-r]
[2026-02-12 16:36:48] Installing org.eclipse.egit.github.core [6.1.0.202203080745-r]
[2026-02-12 16:36:48] Installing org.eclipse.egit.ui [7.5.0.202512021534-r]
[2026-02-12 16:36:48] Installing org.eclipse.emf.common [2.44.0.v20251025-0946]
[2026-02-12 16:36:48] Installing org.eclipse.emf.common.ui [2.26.0.v20251106-1447]
[2026-02-12 16:36:48] Installing org.eclipse.emf.databinding [1.9.0.v20250910-1205]
[2026-02-12 16:36:48] Installing org.eclipse.emf.ecore [2.41.0.v20251025-0946]
[2026-02-12 16:36:48] Installing org.eclipse.emf.ecore.change [2.17.0.v20250910-1205]
[2026-02-12 16:36:48] Installing org.eclipse.emf.ecore.edit [2.15.0.v20250910-1205]
[2026-02-12 16:36:48] Installing org.eclipse.emf.ecore.xmi [2.39.0.v20250910-1205]
[2026-02-12 16:36:48] Installing org.eclipse.emf.edit [2.23.0.v20250910-1205]
[2026-02-12 16:36:48] Installing org.eclipse.emf.edit.ui [2.26.0.v20250910-1205]
[2026-02-12 16:36:48] Installing org.eclipse.epp.mpc.core [1.13.0.v20250816-1241]
[2026-02-12 16:36:48] Installing org.eclipse.epp.mpc.feature.group [1.13.0.v20250816-1241]
[2026-02-12 16:36:48] Installing org.eclipse.epp.mpc.feature.jar [1.13.0.v20250816-1241]
[2026-02-12 16:36:48] Installing org.eclipse.epp.mpc.help.ui [1.13.0.v20250727-0825]
[2026-02-12 16:36:48] Installing org.eclipse.epp.mpc.ui [1.13.0.v20250814-1447]
[2026-02-12 16:36:48] Installing org.eclipse.epp.mpc.ui.css [1.13.0.v20250727-0825]
[2026-02-12 16:36:48] Installing org.eclipse.epp.package.common [4.38.0.20251204-0849]
[2026-02-12 16:36:48] Installing org.eclipse.epp.package.common.feature.feature.group [4.38.0.20251204-0849]
[2026-02-12 16:36:48] Installing org.eclipse.epp.package.common.feature.feature.jar [4.38.0.20251204-0849]
[2026-02-12 16:36:48] Installing org.eclipse.epp.package.java [4.38.0.20251204-0849]
[2026-02-12 16:36:48] Installing org.eclipse.epp.package.java.feature.feature.group [4.38.0.20251204-0849]
[2026-02-12 16:36:48] Installing org.eclipse.epp.package.java.feature.feature.jar [4.38.0.20251204-0849]
[2026-02-12 16:36:48] Installing org.eclipse.equinox.app [1.7.500.v20250629-0337]
[2026-02-12 16:36:48] Installing org.eclipse.equinox.bidi [1.5.400.v20250715-0436]
[2026-02-12 16:36:48] Installing org.eclipse.equinox.common [3.20.300.v20251111-0312]
[2026-02-12 16:36:48] Installing org.eclipse.equinox.concurrent [1.3.400.v20250715-0436]
[2026-02-12 16:36:48] Installing org.eclipse.equinox.console [1.4.1100.v20250722-0745]
[2026-02-12 16:36:48] Installing org.eclipse.equinox.event [1.7.300.v20250518-0609]
[2026-02-12 16:36:48] Installing org.eclipse.equinox.frameworkadmin [2.3.500.v20250716-0529]
[2026-02-12 16:36:48] Installing org.eclipse.equinox.frameworkadmin.equinox [1.3.400.v20250515-0513]
[2026-02-12 16:36:48] Installing org.eclipse.equinox.http.jetty [3.9.600.v20251031-0358]
[2026-02-12 16:36:48] Installing org.eclipse.equinox.http.registry [1.4.400.v20250611-0943]
[2026-02-12 16:36:48] Installing org.eclipse.equinox.http.service.api [1.2.102.v20250520-0629]
[2026-02-12 16:36:48] Installing org.eclipse.equinox.http.servlet [1.8.600.v20251111-0344]
[2026-02-12 16:36:48] Installing org.eclipse.equinox.jsp.jasper [1.2.400.v20250720-1532]
[2026-02-12 16:36:48] Installing org.eclipse.equinox.jsp.jasper.registry [1.3.300.v20250807-0756]
[2026-02-12 16:36:48] Installing org.eclipse.equinox.launcher [1.7.100.v20251111-0406]
[2026-02-12 16:36:48] Installing org.eclipse.equinox.launcher.gtk.linux.x86_64 [1.2.1500.v20250801-0854]
[2026-02-12 16:36:48] Installing org.eclipse.equinox.p2.artifact.repository [1.5.800.v20250620-1926]
[2026-02-12 16:36:48] Installing org.eclipse.equinox.p2.console [1.3.700.v20250515-0507]
[2026-02-12 16:36:48] Installing org.eclipse.equinox.p2.core [2.13.200.v20251111-1620]
[2026-02-12 16:36:48] Installing org.eclipse.equinox.p2.core.feature.feature.group [1.7.900.v20251124-1504]
[2026-02-12 16:36:48] Installing org.eclipse.equinox.p2.core.feature.feature.jar [1.7.900.v20251124-1504]
[2026-02-12 16:36:48] Installing org.eclipse.equinox.p2.director [2.6.800.v20250714-1236]
[2026-02-12 16:36:48] Installing org.eclipse.equinox.p2.director.app [1.3.800.v20250720-1057]
[2026-02-12 16:36:48] Installing org.eclipse.equinox.p2.directorywatcher [1.4.800.v20250922-0444]
[2026-02-12 16:36:48] Installing org.eclipse.equinox.p2.discovery [1.3.700.v20250616-0711]
[2026-02-12 16:36:48] Installing org.eclipse.equinox.p2.discovery.compatibility [1.3.700.v20250516-0530]
[2026-02-12 16:36:48] Installing org.eclipse.equinox.p2.discovery.feature.feature.group [1.3.900.v20250616-0711]
[2026-02-12 16:36:48] Installing org.eclipse.equinox.p2.discovery.feature.feature.jar [1.3.900.v20250616-0711]
[2026-02-12 16:36:48] Installing org.eclipse.equinox.p2.engine [2.11.0.v20251111-1028]
[2026-02-12 16:36:48] Installing org.eclipse.equinox.p2.extensionlocation [1.5.700.v20250720-1526]
[2026-02-12 16:36:48] Installing org.eclipse.equinox.p2.extras.feature.feature.group [1.4.3000.v20251124-1504]
[2026-02-12 16:36:48] Installing org.eclipse.equinox.p2.extras.feature.feature.jar [1.4.3000.v20251124-1504]
[2026-02-12 16:36:48] Installing org.eclipse.equinox.p2.garbagecollector [1.3.700.v20250715-0459]
[2026-02-12 16:36:48] Installing org.eclipse.equinox.p2.jarprocessor [1.3.600.v20250517-0338]
[2026-02-12 16:36:48] Installing org.eclipse.equinox.p2.metadata [2.9.600.v20251108-0408]
[2026-02-12 16:36:48] Installing org.eclipse.equinox.p2.metadata.repository [1.5.700.v20250720-0955]
[2026-02-12 16:36:48] Installing org.eclipse.equinox.p2.operations [2.7.700.v20250720-1530]
[2026-02-12 16:36:48] Installing org.eclipse.equinox.p2.publisher [1.9.600.v20250720-0951]
[2026-02-12 16:36:48] Installing org.eclipse.equinox.p2.publisher.eclipse [1.6.700.v20251107-1554]
[2026-02-12 16:36:48] Installing org.eclipse.equinox.p2.rcp.feature.feature.group [1.4.3000.v20251124-1504]
[2026-02-12 16:36:48] Installing org.eclipse.equinox.p2.rcp.feature.feature.jar [1.4.3000.v20251124-1504]
[2026-02-12 16:36:48] Installing org.eclipse.equinox.p2.reconciler.dropins [1.5.800.v20251111-0852]
[2026-02-12 16:36:48] Installing org.eclipse.equinox.p2.repository [2.9.600.v20251118-0500]
[2026-02-12 16:36:48] Installing org.eclipse.equinox.p2.repository.tools [2.4.900.v20251108-0407]
[2026-02-12 16:36:48] Installing org.eclipse.equinox.p2.touchpoint.eclipse [2.4.600.v20250722-0413]
[2026-02-12 16:36:48] Installing org.eclipse.equinox.p2.touchpoint.natives [1.5.800.v20251111-0726]
[2026-02-12 16:36:48] Installing org.eclipse.equinox.p2.transport.ecf [1.4.600.v20251124-1504]
[2026-02-12 16:36:48] Installing org.eclipse.equinox.p2.ui [2.8.1000.v20251111-1030]
[2026-02-12 16:36:48] Installing org.eclipse.equinox.p2.ui.discovery [1.3.600.v20250520-0605]
[2026-02-12 16:36:48] Installing org.eclipse.equinox.p2.ui.importexport [1.4.900.v20251111-0726]
[2026-02-12 16:36:48] Installing org.eclipse.equinox.p2.ui.sdk [1.3.500.v20250521-0421]
[2026-02-12 16:36:48] Installing org.eclipse.equinox.p2.ui.sdk.scheduler [1.6.600.v20251111-1040]
[2026-02-12 16:36:48] Installing org.eclipse.equinox.p2.updatechecker [1.4.600.v20250728-0401]
[2026-02-12 16:36:48] Installing org.eclipse.equinox.p2.updatesite [1.3.800.v20250606-0550]
[2026-02-12 16:36:48] Installing org.eclipse.equinox.p2.user.ui.feature.group [2.4.3000.v20251124-1504]
[2026-02-12 16:36:48] Installing org.eclipse.equinox.p2.user.ui.feature.jar [2.4.3000.v20251124-1504]
[2026-02-12 16:36:48] Installing org.eclipse.equinox.preferences [3.12.100.v20251111-0704]
[2026-02-12 16:36:48] Installing org.eclipse.equinox.registry [3.12.600.v20250906-0651]
[2026-02-12 16:36:48] Installing org.eclipse.equinox.security [1.4.700.v20250622-1644]
[2026-02-12 16:36:48] Installing org.eclipse.equinox.security.linux [1.1.400.v20250521-0415]
[2026-02-12 16:36:48] Installing org.eclipse.equinox.security.ui [1.4.700.v20251111-0659]
[2026-02-12 16:36:48] Installing org.eclipse.equinox.simpleconfigurator [1.5.700.v20251111-1031]
[2026-02-12 16:36:48] Installing org.eclipse.equinox.simpleconfigurator.manipulator [2.3.600.v20250729-0655]
[2026-02-12 16:36:48] Installing org.eclipse.help [3.10.600.v20250613-0437]
[2026-02-12 16:36:48] Installing org.eclipse.help.base [4.5.300.v20251201-0920]
[2026-02-12 16:36:48] Installing org.eclipse.help.feature.group [2.3.2400.v20251201-0920]
[2026-02-12 16:36:48] Installing org.eclipse.help.feature.jar [2.3.2400.v20251201-0920]
[2026-02-12 16:36:48] Installing org.eclipse.help.ui [4.8.200.v20250707-1559]
[2026-02-12 16:36:48] Installing org.eclipse.help.webapp [3.12.300.v20250831-0955]
[2026-02-12 16:36:48] Installing org.eclipse.jdt [3.19.1100.v20251201-0920]
[2026-02-12 16:36:48] Installing org.eclipse.jdt.annotation [2.4.100.v20251017-1955]
[2026-02-12 16:36:48] Installing org.eclipse.jdt.apt.core [3.8.600.v20241001-0914]
[2026-02-12 16:36:48] Installing org.eclipse.jdt.apt.pluggable.core [1.4.600.v20241001-0914]
[2026-02-12 16:36:48] Installing org.eclipse.jdt.apt.ui [3.8.700.v20250319-0715]
[2026-02-12 16:36:48] Installing org.eclipse.jdt.bcoview [1.3.0.v20250114-1355]
[2026-02-12 16:36:48] Installing org.eclipse.jdt.bcoview.feature.feature.group [1.2.700.v20250114-1355]
[2026-02-12 16:36:48] Installing org.eclipse.jdt.bcoview.feature.feature.jar [1.2.700.v20250114-1355]
[2026-02-12 16:36:48] Installing org.eclipse.jdt.core [3.44.0.v20251118-1842]
[2026-02-12 16:36:48] Installing org.eclipse.jdt.core.compiler.batch [3.44.0.v20251118-1623]
[2026-02-12 16:36:48] Installing org.eclipse.jdt.core.formatterapp [1.2.300.v20241001-0914]
[2026-02-12 16:36:48] Installing org.eclipse.jdt.core.manipulation [1.23.200.v20251125-1647]
[2026-02-12 16:36:48] Installing org.eclipse.jdt.debug [3.25.0.v20251031-2243]
[2026-02-12 16:36:48] Installing org.eclipse.jdt.debug.ui [3.15.200.v20251112-0612]
[2026-02-12 16:36:48] Installing org.eclipse.jdt.doc.user [3.15.2700.v20251124-1116]
[2026-02-12 16:36:48] Installing org.eclipse.jdt.feature.group [3.20.400.v20251201-1407]
[2026-02-12 16:36:48] Installing org.eclipse.jdt.feature.jar [3.20.400.v20251201-1407]
[2026-02-12 16:36:48] Installing org.eclipse.jdt.junit [3.17.300.v20251107-1918]
[2026-02-12 16:36:48] Installing org.eclipse.jdt.junit.core [3.14.0.v20251201-1407]
[2026-02-12 16:36:48] Installing org.eclipse.jdt.junit.runtime [3.8.0.v20251113-1434]
[2026-02-12 16:36:48] Installing org.eclipse.jdt.junit4.runtime [1.4.0.v20251113-1434]
[2026-02-12 16:36:48] Installing org.eclipse.jdt.junit5.runtime [1.2.0.v20251113-1434]
[2026-02-12 16:36:48] Installing org.eclipse.jdt.junit6.runtime [1.0.0.v20251112-1701]
[2026-02-12 16:36:48] Installing org.eclipse.jdt.launching [3.24.0.v20251031-2243]
[2026-02-12 16:36:48] Installing org.eclipse.jdt.ui [3.36.0.v20251114-2328]
[2026-02-12 16:36:48] Installing org.eclipse.jetty.ee8.security [12.1.4]
[2026-02-12 16:36:48] Installing org.eclipse.jetty.ee8.server [12.1.4]
[2026-02-12 16:36:48] Installing org.eclipse.jetty.ee8.servlet [12.1.4]
[2026-02-12 16:36:48] Installing org.eclipse.jetty.http [12.1.4]
[2026-02-12 16:36:48] Installing org.eclipse.jetty.io [12.1.4]
[2026-02-12 16:36:48] Installing org.eclipse.jetty.security [12.1.4]
[2026-02-12 16:36:48] Installing org.eclipse.jetty.server [12.1.4]
[2026-02-12 16:36:48] Installing org.eclipse.jetty.servlet-api [4.0.6]
[2026-02-12 16:36:48] Installing org.eclipse.jetty.session [12.1.4]
[2026-02-12 16:36:48] Installing org.eclipse.jetty.util [12.1.4]
[2026-02-12 16:36:48] Installing org.eclipse.jface [3.38.100.v20251108-1551]
[2026-02-12 16:36:48] Installing org.eclipse.jface.databinding [1.15.400.v20250925-0701]
[2026-02-12 16:36:48] Installing org.eclipse.jface.notifications [0.7.500.v20250919-0627]
[2026-02-12 16:36:48] Installing org.eclipse.jface.text [3.29.0.v20251112-0859]
[2026-02-12 16:36:48] Installing org.eclipse.jgit [7.5.0.202512021534-r]
[2026-02-12 16:36:48] Installing org.eclipse.jgit.archive [7.5.0.202512021534-r]
[2026-02-12 16:36:48] Installing org.eclipse.jgit.feature.group [7.5.0.202512021534-r]
[2026-02-12 16:36:48] Installing org.eclipse.jgit.feature.jar [7.5.0.202512021534-r]
[2026-02-12 16:36:48] Installing org.eclipse.jgit.gpg.bc [7.5.0.202512021534-r]
[2026-02-12 16:36:48] Installing org.eclipse.jgit.gpg.bc.feature.group [7.5.0.202512021534-r]
[2026-02-12 16:36:48] Installing org.eclipse.jgit.gpg.bc.feature.jar [7.5.0.202512021534-r]
[2026-02-12 16:36:48] Installing org.eclipse.jgit.http.apache [7.5.0.202512021534-r]
[2026-02-12 16:36:48] Installing org.eclipse.jgit.http.apache.feature.group [7.5.0.202512021534-r]
[2026-02-12 16:36:48] Installing org.eclipse.jgit.http.apache.feature.jar [7.5.0.202512021534-r]
[2026-02-12 16:36:48] Installing org.eclipse.jgit.ssh.apache [7.5.0.202512021534-r]
[2026-02-12 16:36:48] Installing org.eclipse.jgit.ssh.apache.agent [7.5.0.202512021534-r]
[2026-02-12 16:36:48] Installing org.eclipse.jgit.ssh.apache.feature.group [7.5.0.202512021534-r]
[2026-02-12 16:36:48] Installing org.eclipse.jgit.ssh.apache.feature.jar [7.5.0.202512021534-r]
[2026-02-12 16:36:48] Installing org.eclipse.jsch.core [1.5.700.v20250723-0831]
[2026-02-12 16:36:48] Installing org.eclipse.jsch.ui [1.5.800.v20250723-0831]
[2026-02-12 16:36:48] Installing org.eclipse.lemminx.uber-jar [0.31.0]
[2026-02-12 16:36:48] Installing org.eclipse.lsp4e [0.19.3.202512021035]
[2026-02-12 16:36:48] Installing org.eclipse.lsp4j [0.24.0.v20250131-1745]
[2026-02-12 16:36:48] Installing org.eclipse.lsp4j.jsonrpc [0.24.0.v20250131-1745]
[2026-02-12 16:36:48] Installing org.eclipse.ltk.core.refactoring [3.15.100.v20251023-1358]
[2026-02-12 16:36:48] Installing org.eclipse.ltk.ui.refactoring [3.13.700.v20251103-0737]
[2026-02-12 16:36:48] Installing org.eclipse.m2e.apt.core [2.3.100.20250418-1315]
[2026-02-12 16:36:48] Installing org.eclipse.m2e.apt.ui [2.0.600.20250418-1315]
[2026-02-12 16:36:48] Installing org.eclipse.m2e.archetype.catalog [3.2.1.2]
[2026-02-12 16:36:48] Installing org.eclipse.m2e.archetype.common [3.2.104]
[2026-02-12 16:36:48] Installing org.eclipse.m2e.archetype.descriptor [3.2.1.2]
[2026-02-12 16:36:48] Installing org.eclipse.m2e.archetype.maven-artifact-transfer [0.13.1.2]
[2026-02-12 16:36:48] Installing org.eclipse.m2e.binaryproject [2.2.100.20250418-1315]
[2026-02-12 16:36:48] Installing org.eclipse.m2e.binaryproject.ui [2.1.100.20250418-1315]
[2026-02-12 16:36:48] Installing org.eclipse.m2e.core [2.7.600.20251121-1832]
[2026-02-12 16:36:48] Installing org.eclipse.m2e.core.ui [2.4.101.20251127-1007]
[2026-02-12 16:36:48] Installing org.eclipse.m2e.discovery [2.1.100.20250418-1315]
[2026-02-12 16:36:48] Installing org.eclipse.m2e.editor [2.1.200.20250811-2022]
[2026-02-12 16:36:48] Installing org.eclipse.m2e.editor.lemminx [2.0.901.20250727-0612]
[2026-02-12 16:36:48] Installing org.eclipse.m2e.editor.lemminx.bnd [1.0.0.20250208-1755]
[2026-02-12 16:36:48] Installing org.eclipse.m2e.feature.feature.group [2.10.0.20251127-1007]
[2026-02-12 16:36:48] Installing org.eclipse.m2e.feature.feature.jar [2.10.0.20251127-1007]
[2026-02-12 16:36:48] Installing org.eclipse.m2e.jdt [2.5.0.20251112-1507]
[2026-02-12 16:36:48] Installing org.eclipse.m2e.jdt.ui [2.1.100.20250418-1315]
[2026-02-12 16:36:48] Installing org.eclipse.m2e.launching [2.1.200.20251112-1342]
[2026-02-12 16:36:48] Installing org.eclipse.m2e.lemminx.feature.feature.group [2.6.101.20250727-0612]
[2026-02-12 16:36:48] Installing org.eclipse.m2e.lemminx.feature.feature.jar [2.6.101.20250727-0612]
[2026-02-12 16:36:48] Installing org.eclipse.m2e.logback [2.7.101.20251017-1242]
[2026-02-12 16:36:48] Installing org.eclipse.m2e.logback.feature.feature.group [2.7.200.20251018-1026]
[2026-02-12 16:36:48] Installing org.eclipse.m2e.logback.feature.feature.jar [2.7.200.20251018-1026]
[2026-02-12 16:36:48] Installing org.eclipse.m2e.maven.runtime [3.9.1101.20251020-1549]
[2026-02-12 16:36:48] Installing org.eclipse.m2e.mavenarchiver [2.1.100.20250418-1315]
[2026-02-12 16:36:48] Installing org.eclipse.m2e.model.edit [2.0.700.20250418-1315]
[2026-02-12 16:36:48] Installing org.eclipse.m2e.profiles.core [2.2.200.20251019-0931]
[2026-02-12 16:36:48] Installing org.eclipse.m2e.profiles.ui [2.1.100.20250418-1315]
[2026-02-12 16:36:48] Installing org.eclipse.m2e.refactoring [2.1.100.20250418-1315]
[2026-02-12 16:36:48] Installing org.eclipse.m2e.scm [2.1.100.20250418-1315]
[2026-02-12 16:36:48] Installing org.eclipse.m2e.sourcelookup [2.1.100.20250418-1315]
[2026-02-12 16:36:48] Installing org.eclipse.m2e.sourcelookup.ui [2.1.100.20250418-1315]
[2026-02-12 16:36:48] Installing org.eclipse.m2e.workspace.cli [0.4.0]
[2026-02-12 16:36:48] Installing org.eclipse.mylyn.builds.core [4.9.0.v20250920-1858]
[2026-02-12 16:36:48] Installing org.eclipse.mylyn.builds.feature.feature.group [4.9.0.v20250920-1858]
[2026-02-12 16:36:48] Installing org.eclipse.mylyn.builds.feature.feature.jar [4.9.0.v20250920-1858]
[2026-02-12 16:36:48] Installing org.eclipse.mylyn.builds.ui [4.9.0.v20250920-1858]
[2026-02-12 16:36:48] Installing org.eclipse.mylyn.commons.activity.feature.feature.group [4.9.0.v20250920-1858]
[2026-02-12 16:36:48] Installing org.eclipse.mylyn.commons.activity.feature.feature.jar [4.9.0.v20250920-1858]
[2026-02-12 16:36:48] Installing org.eclipse.mylyn.commons.activity.ui [4.9.0.v20250920-1858]
[2026-02-12 16:36:48] Installing org.eclipse.mylyn.commons.core [4.9.0.v20250928-0632]
[2026-02-12 16:36:48] Installing org.eclipse.mylyn.commons.feature.feature.group [4.9.0.v20251121-0615]
[2026-02-12 16:36:48] Installing org.eclipse.mylyn.commons.feature.feature.jar [4.9.0.v20251121-0615]
[2026-02-12 16:36:48] Installing org.eclipse.mylyn.commons.identity.core [4.9.0.v20250920-1858]
[2026-02-12 16:36:48] Installing org.eclipse.mylyn.commons.identity.feature.feature.group [4.9.0.v20250920-1858]
[2026-02-12 16:36:48] Installing org.eclipse.mylyn.commons.identity.feature.feature.jar [4.9.0.v20250920-1858]
[2026-02-12 16:36:48] Installing org.eclipse.mylyn.commons.identity.ui [4.9.0.v20250920-1858]
[2026-02-12 16:36:48] Installing org.eclipse.mylyn.commons.net [4.9.0.v20251121-0701]
[2026-02-12 16:36:48] Installing org.eclipse.mylyn.commons.notifications.core [4.9.0.v20250920-1858]
[2026-02-12 16:36:48] Installing org.eclipse.mylyn.commons.notifications.feature.feature.group [4.9.0.v20250920-1858]
[2026-02-12 16:36:48] Installing org.eclipse.mylyn.commons.notifications.feature.feature.jar [4.9.0.v20250920-1858]
[2026-02-12 16:36:48] Installing org.eclipse.mylyn.commons.notifications.feed [4.9.0.v20250920-1858]
[2026-02-12 16:36:48] Installing org.eclipse.mylyn.commons.notifications.ui [4.9.0.v20250920-1858]
[2026-02-12 16:36:48] Installing org.eclipse.mylyn.commons.repositories.core [4.9.0.v20250920-1858]
[2026-02-12 16:36:48] Installing org.eclipse.mylyn.commons.repositories.feature.feature.group [4.9.0.v20251121-0701]
[2026-02-12 16:36:48] Installing org.eclipse.mylyn.commons.repositories.feature.feature.jar [4.9.0.v20251121-0701]
[2026-02-12 16:36:48] Installing org.eclipse.mylyn.commons.repositories.http.core [4.9.0.v20250920-1858]
[2026-02-12 16:36:48] Installing org.eclipse.mylyn.commons.repositories.ui [4.9.0.v20250920-1858]
[2026-02-12 16:36:48] Installing org.eclipse.mylyn.commons.screenshots [4.9.0.v20251120-0646]
[2026-02-12 16:36:48] Installing org.eclipse.mylyn.commons.ui [4.9.0.v20251121-0615]
[2026-02-12 16:36:48] Installing org.eclipse.mylyn.commons.workbench [4.9.0.v20251120-0627]
[2026-02-12 16:36:48] Installing org.eclipse.mylyn.commons.xmlrpc [4.9.0.v20250920-1858]
[2026-02-12 16:36:48] Installing org.eclipse.mylyn.context.core [4.9.0.v20250920-1858]
[2026-02-12 16:36:48] Installing org.eclipse.mylyn.context.feature.feature.group [4.9.0.v20251120-0623]
[2026-02-12 16:36:48] Installing org.eclipse.mylyn.context.feature.feature.jar [4.9.0.v20251120-0623]
[2026-02-12 16:36:48] Installing org.eclipse.mylyn.context.tasks.ui [4.9.0.v20250920-1858]
[2026-02-12 16:36:48] Installing org.eclipse.mylyn.context.ui [4.9.0.v20251120-0623]
[2026-02-12 16:36:48] Installing org.eclipse.mylyn.debug.ui [4.9.0.v20250920-1858]
[2026-02-12 16:36:48] Installing org.eclipse.mylyn.egit.feature.feature.group [4.9.0.v20251126-1724]
[2026-02-12 16:36:48] Installing org.eclipse.mylyn.egit.feature.feature.jar [4.9.0.v20251126-1724]
[2026-02-12 16:36:48] Installing org.eclipse.mylyn.egit.ui [4.9.0.v20251126-1724]
[2026-02-12 16:36:48] Installing org.eclipse.mylyn.git.core [4.9.0.v20250920-1858]
[2026-02-12 16:36:48] Installing org.eclipse.mylyn.git.feature.feature.group [4.9.0.v20250920-1858]
[2026-02-12 16:36:48] Installing org.eclipse.mylyn.git.feature.feature.jar [4.9.0.v20250920-1858]
[2026-02-12 16:36:48] Installing org.eclipse.mylyn.git.ui [4.9.0.v20250920-1858]
[2026-02-12 16:36:48] Installing org.eclipse.mylyn.github.core [6.10.0.v20250920-1858]
[2026-02-12 16:36:48] Installing org.eclipse.mylyn.github.doc [6.10.0.v20250920-1858]
[2026-02-12 16:36:48] Installing org.eclipse.mylyn.github.feature.feature.group [6.10.0.v20250920-1858]
[2026-02-12 16:36:48] Installing org.eclipse.mylyn.github.feature.feature.jar [6.10.0.v20250920-1858]
[2026-02-12 16:36:48] Installing org.eclipse.mylyn.github.ui [6.10.0.v20250920-1858]
[2026-02-12 16:36:48] Installing org.eclipse.mylyn.help.ui [4.9.0.v20250920-1858]
[2026-02-12 16:36:48] Installing org.eclipse.mylyn.ide.ant [4.9.0.v20250920-1858]
[2026-02-12 16:36:48] Installing org.eclipse.mylyn.ide.feature.feature.group [4.9.0.v20250920-1858]
[2026-02-12 16:36:48] Installing org.eclipse.mylyn.ide.feature.feature.jar [4.9.0.v20250920-1858]
[2026-02-12 16:36:48] Installing org.eclipse.mylyn.ide.ui [4.9.0.v20250920-1858]
[2026-02-12 16:36:48] Installing org.eclipse.mylyn.java.tasks [4.9.0.v20250920-1858]
[2026-02-12 16:36:48] Installing org.eclipse.mylyn.java.ui [4.9.0.v20251121-0451]
[2026-02-12 16:36:48] Installing org.eclipse.mylyn.jdt.feature.feature.group [4.9.0.v20251121-0451]
[2026-02-12 16:36:48] Installing org.eclipse.mylyn.jdt.feature.feature.jar [4.9.0.v20251121-0451]
[2026-02-12 16:36:48] Installing org.eclipse.mylyn.jenkins.core [4.9.0.v20250920-1858]
[2026-02-12 16:36:48] Installing org.eclipse.mylyn.jenkins.feature.feature.group [4.9.0.v20250920-1858]
[2026-02-12 16:36:48] Installing org.eclipse.mylyn.jenkins.feature.feature.jar [4.9.0.v20250920-1858]
[2026-02-12 16:36:48] Installing org.eclipse.mylyn.jenkins.ui [4.9.0.v20250920-1858]
[2026-02-12 16:36:48] Installing org.eclipse.mylyn.monitor.core [4.9.0.v20250920-1858]
[2026-02-12 16:36:48] Installing org.eclipse.mylyn.monitor.feature.feature.group [4.9.0.v20250920-1858]
[2026-02-12 16:36:48] Installing org.eclipse.mylyn.monitor.feature.feature.jar [4.9.0.v20250920-1858]
[2026-02-12 16:36:48] Installing org.eclipse.mylyn.monitor.ui [4.9.0.v20250920-1858]
[2026-02-12 16:36:48] Installing org.eclipse.mylyn.resources.ui [4.9.0.v20250920-1858]
[2026-02-12 16:36:48] Installing org.eclipse.mylyn.reviews.core [4.9.0.v20250920-1858]
[2026-02-12 16:36:48] Installing org.eclipse.mylyn.reviews.edit [4.9.0.v20250920-1858]
[2026-02-12 16:36:48] Installing org.eclipse.mylyn.reviews.feature.feature.group [4.9.0.v20250920-1858]
[2026-02-12 16:36:48] Installing org.eclipse.mylyn.reviews.feature.feature.jar [4.9.0.v20250920-1858]
[2026-02-12 16:36:48] Installing org.eclipse.mylyn.reviews.ui [4.9.0.v20250920-1858]
[2026-02-12 16:36:48] Installing org.eclipse.mylyn.tasks.activity.core [4.9.0.v20250920-1858]
[2026-02-12 16:36:48] Installing org.eclipse.mylyn.tasks.activity.ui [4.9.0.v20250920-1858]
[2026-02-12 16:36:48] Installing org.eclipse.mylyn.tasks.bugs [4.9.0.v20250920-1858]
[2026-02-12 16:36:48] Installing org.eclipse.mylyn.tasks.core [4.9.0.v20251121-1552]
[2026-02-12 16:36:48] Installing org.eclipse.mylyn.tasks.feature.feature.group [4.9.0.v20251123-0732]
[2026-02-12 16:36:48] Installing org.eclipse.mylyn.tasks.feature.feature.jar [4.9.0.v20251123-0732]
[2026-02-12 16:36:48] Installing org.eclipse.mylyn.tasks.index.core [4.9.0.v20250920-1858]
[2026-02-12 16:36:48] Installing org.eclipse.mylyn.tasks.index.ui [4.9.0.v20250920-1858]
[2026-02-12 16:36:48] Installing org.eclipse.mylyn.tasks.search [4.9.0.v20250920-1858]
[2026-02-12 16:36:48] Installing org.eclipse.mylyn.tasks.ui [4.9.0.v20251123-0732]
[2026-02-12 16:36:48] Installing org.eclipse.mylyn.team.feature.feature.group [4.9.0.v20251121-0621]
[2026-02-12 16:36:48] Installing org.eclipse.mylyn.team.feature.feature.jar [4.9.0.v20251121-0621]
[2026-02-12 16:36:48] Installing org.eclipse.mylyn.team.ui [4.9.0.v20251121-0621]
[2026-02-12 16:36:48] Installing org.eclipse.mylyn.versions.core [4.9.0.v20250920-1858]
[2026-02-12 16:36:48] Installing org.eclipse.mylyn.versions.feature.feature.group [4.9.0.v20250920-1858]
[2026-02-12 16:36:48] Installing org.eclipse.mylyn.versions.feature.feature.jar [4.9.0.v20250920-1858]
[2026-02-12 16:36:48] Installing org.eclipse.mylyn.versions.ui [4.9.0.v20250920-1858]
[2026-02-12 16:36:48] Installing org.eclipse.mylyn.wikitext [4.9.0.v20250920-1858]
[2026-02-12 16:36:48] Installing org.eclipse.mylyn.wikitext.ant [4.9.0.v20250920-1858]
[2026-02-12 16:36:48] Installing org.eclipse.mylyn.wikitext.asciidoc [4.9.0.v20250920-1858]
[2026-02-12 16:36:48] Installing org.eclipse.mylyn.wikitext.asciidoc.ui [4.9.0.v20250920-1858]
[2026-02-12 16:36:48] Installing org.eclipse.mylyn.wikitext.confluence [4.9.0.v20250920-1858]
[2026-02-12 16:36:48] Installing org.eclipse.mylyn.wikitext.confluence.ui [4.9.0.v20250920-1858]
[2026-02-12 16:36:48] Installing org.eclipse.mylyn.wikitext.context.ui [4.9.0.v20250920-1858]
[2026-02-12 16:36:48] Installing org.eclipse.mylyn.wikitext.feature.feature.group [4.9.0.v20251119-1306]
[2026-02-12 16:36:48] Installing org.eclipse.mylyn.wikitext.feature.feature.jar [4.9.0.v20251119-1306]
[2026-02-12 16:36:48] Installing org.eclipse.mylyn.wikitext.help.ui [4.9.0.v20251119-1306]
[2026-02-12 16:36:48] Installing org.eclipse.mylyn.wikitext.html [4.9.0.v20250920-1858]
[2026-02-12 16:36:48] Installing org.eclipse.mylyn.wikitext.markdown [4.9.0.v20250920-1858]
[2026-02-12 16:36:48] Installing org.eclipse.mylyn.wikitext.markdown.ui [4.9.0.v20250920-1858]
[2026-02-12 16:36:48] Installing org.eclipse.mylyn.wikitext.mediawiki [4.9.0.v20250920-1858]
[2026-02-12 16:36:48] Installing org.eclipse.mylyn.wikitext.mediawiki.ui [4.9.0.v20250920-1858]
[2026-02-12 16:36:48] Installing org.eclipse.mylyn.wikitext.osgi [4.9.0.v20250920-1858]
[2026-02-12 16:36:48] Installing org.eclipse.mylyn.wikitext.tasks.ui [4.9.0.v20250920-1858]
[2026-02-12 16:36:48] Installing org.eclipse.mylyn.wikitext.textile [4.9.0.v20250920-1858]
[2026-02-12 16:36:48] Installing org.eclipse.mylyn.wikitext.textile.ui [4.9.0.v20250920-1858]
[2026-02-12 16:36:48] Installing org.eclipse.mylyn.wikitext.tracwiki [4.9.0.v20250920-1858]
[2026-02-12 16:36:48] Installing org.eclipse.mylyn.wikitext.tracwiki.ui [4.9.0.v20250920-1858]
[2026-02-12 16:36:48] Installing org.eclipse.mylyn.wikitext.twiki [4.9.0.v20250920-1858]
[2026-02-12 16:36:48] Installing org.eclipse.mylyn.wikitext.twiki.ui [4.9.0.v20250920-1858]
[2026-02-12 16:36:48] Installing org.eclipse.mylyn.wikitext.ui [4.9.0.v20250920-1858]
[2026-02-12 16:36:48] Installing org.eclipse.nebula.cwt [1.1.0.202509131601]
[2026-02-12 16:36:48] Installing org.eclipse.nebula.widgets.cdatetime [1.5.0.202509131601]
[2026-02-12 16:36:48] Installing org.eclipse.nebula.widgets.tablecombo [1.2.0.202402011804]
[2026-02-12 16:36:48] Installing org.eclipse.oomph.base [1.18.0.v20230617-1322]
[2026-02-12 16:36:48] Installing org.eclipse.oomph.base.edit [1.18.0.v20240826-0747]
[2026-02-12 16:36:48] Installing org.eclipse.oomph.extractor.lib [1.10.0.v20250206-1413]
[2026-02-12 16:36:48] Installing org.eclipse.oomph.jreinfo [1.21.0.v20250228-0749]
[2026-02-12 16:36:48] Installing org.eclipse.oomph.jreinfo.ui [1.19.0.v20250803-0905]
[2026-02-12 16:36:48] Installing org.eclipse.oomph.p2 [1.17.0.v20230617-1322]
[2026-02-12 16:36:48] Installing org.eclipse.oomph.p2.core [1.33.0.v20251121-0746]
[2026-02-12 16:36:48] Installing org.eclipse.oomph.p2.doc [1.14.0.v20230625-0755]
[2026-02-12 16:36:48] Installing org.eclipse.oomph.p2.edit [1.17.0.v20230204-0932]
[2026-02-12 16:36:48] Installing org.eclipse.oomph.p2.feature.group [1.35.0.v20251211-0657]
[2026-02-12 16:36:48] Installing org.eclipse.oomph.p2.feature.jar [1.35.0.v20251211-0657]
[2026-02-12 16:36:48] Installing org.eclipse.oomph.p2.ui [1.24.0.v20250805-0700]
[2026-02-12 16:36:48] Installing org.eclipse.oomph.predicates [1.19.0.v20241013-1021]
[2026-02-12 16:36:48] Installing org.eclipse.oomph.predicates.edit [1.15.0.v20230416-0642]
[2026-02-12 16:36:48] Installing org.eclipse.oomph.preferences [1.15.0.v20250411-0846]
[2026-02-12 16:36:48] Installing org.eclipse.oomph.resources [1.21.0.v20241013-1019]
[2026-02-12 16:36:48] Installing org.eclipse.oomph.resources.edit [1.16.0.v20240927-1011]
[2026-02-12 16:36:48] Installing org.eclipse.oomph.setup [1.34.0.v20251223-0956]
[2026-02-12 16:36:48] Installing org.eclipse.oomph.setup.core [1.35.0.v20251106-1319]
[2026-02-12 16:36:48] Installing org.eclipse.oomph.setup.core.feature.group [1.36.0.v20251223-0956]
[2026-02-12 16:36:48] Installing org.eclipse.oomph.setup.core.feature.jar [1.36.0.v20251223-0956]
[2026-02-12 16:36:48] Installing org.eclipse.oomph.setup.doc [1.15.0.v20250302-1233]
[2026-02-12 16:36:48] Installing org.eclipse.oomph.setup.edit [1.20.0.v20251223-0956]
[2026-02-12 16:36:48] Installing org.eclipse.oomph.setup.editor [1.32.0.v20251223-0956]
[2026-02-12 16:36:48] Installing org.eclipse.oomph.setup.feature.group [1.38.0.v20260207-0918]
[2026-02-12 16:36:48] Installing org.eclipse.oomph.setup.feature.jar [1.38.0.v20260207-0918]
[2026-02-12 16:36:48] Installing org.eclipse.oomph.setup.p2 [1.23.0.v20251008-0516]
[2026-02-12 16:36:48] Installing org.eclipse.oomph.setup.p2.edit [1.16.0.v20230617-1322]
[2026-02-12 16:36:48] Installing org.eclipse.oomph.setup.sync [1.19.0.v20250509-1106]
[2026-02-12 16:36:48] Installing org.eclipse.oomph.setup.ui [1.36.0.v20260207-0918]
[2026-02-12 16:36:48] Installing org.eclipse.oomph.setup.ui.questionnaire [1.14.0.v20250518-0704]
[2026-02-12 16:36:48] Installing org.eclipse.oomph.ui [1.26.0.v20251223-1407]
[2026-02-12 16:36:48] Installing org.eclipse.oomph.util [1.27.0.v20251211-0657]
[2026-02-12 16:36:48] Installing org.eclipse.oomph.workingsets [1.14.0.v20230617-1322]
[2026-02-12 16:36:48] Installing org.eclipse.oomph.workingsets.edit [1.13.0.v20230204-0932]
[2026-02-12 16:36:48] Installing org.eclipse.oomph.workingsets.editor [1.17.0.v20250218-0822]
[2026-02-12 16:36:48] Installing org.eclipse.orbit.xml-apis-ext [1.0.0.v20240917-0534]
[2026-02-12 16:36:48] Installing org.eclipse.osgi [3.24.0.v20251126-0427]
[2026-02-12 16:36:48] Installing org.eclipse.osgi.compatibility.state [1.3.0.v20251022-1724]
[2026-02-12 16:36:48] Installing org.eclipse.osgi.util [3.7.400.v20250516-0916]
[2026-02-12 16:36:48] Installing org.eclipse.pde.runtime [3.8.900.v20251031-0714]
[2026-02-12 16:36:48] Installing org.eclipse.platform [4.38.0.v20251201-0920]
[2026-02-12 16:36:48] Installing org.eclipse.platform.doc.user [4.38.0.v20251124-1116]
[2026-02-12 16:36:48] Installing org.eclipse.platform.feature.group [4.38.0.v20251201-0920]
[2026-02-12 16:36:48] Installing org.eclipse.platform.feature.jar [4.38.0.v20251201-0920]
[2026-02-12 16:36:48] Installing org.eclipse.platform_root [4.38.0.v20251201-0920]
[2026-02-12 16:36:48] Installing org.eclipse.rcp [4.38.0.v20251201-0920]
[2026-02-12 16:36:48] Installing org.eclipse.rcp.feature.group [4.38.0.v20251201-0920]
[2026-02-12 16:36:48] Installing org.eclipse.rcp.feature.jar [4.38.0.v20251201-0920]
[2026-02-12 16:36:48] Installing org.eclipse.rcp_root [4.38.0.v20251201-0920]
[2026-02-12 16:36:48] Installing org.eclipse.search [3.17.400.v20251107-0917]
[2026-02-12 16:36:48] Installing org.eclipse.search.core [3.16.600.v20250920-0652]
[2026-02-12 16:36:48] Installing org.eclipse.swt [3.132.0.v20251124-0642]
[2026-02-12 16:36:48] Installing org.eclipse.swt.gtk.linux.x86_64 [3.132.0.v20251124-0642]
[2026-02-12 16:36:48] Installing org.eclipse.swt.svg [3.131.0.v20251009-2047]
[2026-02-12 16:36:48] Installing org.eclipse.team.core [3.10.900.v20251104-0924]
[2026-02-12 16:36:48] Installing org.eclipse.team.genericeditor.diff.extension [1.2.500.v20250609-1745]
[2026-02-12 16:36:48] Installing org.eclipse.team.ui [3.11.300.v20251105-1148]
[2026-02-12 16:36:48] Installing org.eclipse.terminal.connector.local [1.0.100.v20250925-1523]
[2026-02-12 16:36:48] Installing org.eclipse.terminal.connector.process [1.0.100.v20250925-1523]
[2026-02-12 16:36:48] Installing org.eclipse.terminal.connector.ssh [1.0.0.v20250724-2146]
[2026-02-12 16:36:48] Installing org.eclipse.terminal.connector.telnet [1.0.0.v20250724-2146]
[2026-02-12 16:36:48] Installing org.eclipse.terminal.control [1.0.100.v20250922-1523]
[2026-02-12 16:36:48] Installing org.eclipse.terminal.feature.feature.group [1.0.100.v20251015-0620]
[2026-02-12 16:36:48] Installing org.eclipse.terminal.feature.feature.jar [1.0.100.v20251015-0620]
[2026-02-12 16:36:48] Installing org.eclipse.terminal.view.core [1.0.0.v20250724-1302]
[2026-02-12 16:36:48] Installing org.eclipse.terminal.view.ui [1.0.100.v20251010-0553]
[2026-02-12 16:36:48] Installing org.eclipse.text [3.14.500.v20251103-0730]
[2026-02-12 16:36:48] Installing org.eclipse.text.quicksearch [1.3.300.v20251111-1128]
[2026-02-12 16:36:48] Installing org.eclipse.tips.core [0.3.400.v20240413-1529]
[2026-02-12 16:36:48] Installing org.eclipse.tips.feature.feature.group [0.4.700.v20250611-0854]
[2026-02-12 16:36:48] Installing org.eclipse.tips.feature.feature.jar [0.4.700.v20250611-0854]
[2026-02-12 16:36:48] Installing org.eclipse.tips.ide [0.3.600.v20250606-1304]
[2026-02-12 16:36:48] Installing org.eclipse.tips.json [0.3.400.v20240525-0701]
[2026-02-12 16:36:48] Installing org.eclipse.tips.ui [0.3.600.v20250611-0854]
[2026-02-12 16:36:48] Installing org.eclipse.tm4e.core [0.17.1.202511281119]
[2026-02-12 16:36:48] Installing org.eclipse.tm4e.feature.feature.group [0.17.1.202511281119]
[2026-02-12 16:36:48] Installing org.eclipse.tm4e.feature.feature.jar [0.17.1.202511281119]
[2026-02-12 16:36:48] Installing org.eclipse.tm4e.language_pack [0.17.1.202511281119]
[2026-02-12 16:36:48] Installing org.eclipse.tm4e.language_pack.feature.feature.group [0.17.1.202511281119]
[2026-02-12 16:36:48] Installing org.eclipse.tm4e.language_pack.feature.feature.jar [0.17.1.202511281119]
[2026-02-12 16:36:48] Installing org.eclipse.tm4e.languageconfiguration [0.17.1.202511281119]
[2026-02-12 16:36:48] Installing org.eclipse.tm4e.markdown [0.17.1.202511281119]
[2026-02-12 16:36:48] Installing org.eclipse.tm4e.registry [0.17.1.202511281119]
[2026-02-12 16:36:48] Installing org.eclipse.tm4e.ui [0.17.1.202511281119]
[2026-02-12 16:36:48] Installing org.eclipse.ui [3.207.400.v20251015-1301]
[2026-02-12 16:36:48] Installing org.eclipse.ui.browser [3.8.700.v20251031-0712]
[2026-02-12 16:36:48] Installing org.eclipse.ui.cheatsheets [3.8.800.v20251030-0707]
[2026-02-12 16:36:48] Installing org.eclipse.ui.console [3.15.0.v20251113-1013]
[2026-02-12 16:36:48] Installing org.eclipse.ui.editors [3.20.200.v20251125-0939]
[2026-02-12 16:36:48] Installing org.eclipse.ui.externaltools [3.6.800.v20251112-1253]
[2026-02-12 16:36:48] Installing org.eclipse.ui.forms [3.13.700.v20251009-1850]
[2026-02-12 16:36:48] Installing org.eclipse.ui.genericeditor [1.3.800.v20250923-0523]
[2026-02-12 16:36:48] Installing org.eclipse.ui.ide [3.22.800.v20251112-0859]
[2026-02-12 16:36:48] Installing org.eclipse.ui.ide.application [1.5.900.v20250924-0546]
[2026-02-12 16:36:48] Installing org.eclipse.ui.intro [3.7.700.v20250614-1220]
[2026-02-12 16:36:48] Installing org.eclipse.ui.intro.quicklinks [1.2.500.v20250706-0633]
[2026-02-12 16:36:48] Installing org.eclipse.ui.intro.universal [3.5.700.v20251112-1253]
[2026-02-12 16:36:48] Installing org.eclipse.ui.monitoring [1.3.500.v20250924-0545]
[2026-02-12 16:36:48] Installing org.eclipse.ui.navigator [3.13.300.v20250924-1052]
[2026-02-12 16:36:48] Installing org.eclipse.ui.navigator.resources [3.9.900.v20250924-1033]
[2026-02-12 16:36:48] Installing org.eclipse.ui.net [1.5.500.v20250611-0855]
[2026-02-12 16:36:48] Installing org.eclipse.ui.themes [1.2.2900.v20250806-1940]
[2026-02-12 16:36:48] Installing org.eclipse.ui.trace [1.3.500.v20250320-0611]
[2026-02-12 16:36:48] Installing org.eclipse.ui.views [3.12.800.v20250924-1436]
[2026-02-12 16:36:48] Installing org.eclipse.ui.views.log [1.4.1000.v20251030-0811]
[2026-02-12 16:36:48] Installing org.eclipse.ui.views.properties.tabbed [3.10.500.v20250924-1036]
[2026-02-12 16:36:48] Installing org.eclipse.ui.workbench [3.137.0.v20251114-0005]
[2026-02-12 16:36:48] Installing org.eclipse.ui.workbench.texteditor [3.19.400.v20251105-0815]
[2026-02-12 16:36:48] Installing org.eclipse.update.configurator [3.5.900.v20251112-1253]
[2026-02-12 16:36:48] Installing org.eclipse.urischeme [1.3.600.v20251023-1158]
[2026-02-12 16:36:48] Installing org.eclipse.wildwebdeveloper.xml [1.3.8.202511131403]
[2026-02-12 16:36:48] Installing org.eclipse.wildwebdeveloper.xml.feature.feature.group [1.3.8.202511131403]
[2026-02-12 16:36:48] Installing org.eclipse.wildwebdeveloper.xml.feature.feature.jar [1.3.8.202511131403]
[2026-02-12 16:36:48] Installing org.eclipse.wst.common.core [1.4.100.v202508180220]
[2026-02-12 16:36:48] Installing org.eclipse.wst.common.emf [1.2.800.v202508180220]
[2026-02-12 16:36:48] Installing org.eclipse.wst.common.environment [1.1.0.v202308161955]
[2026-02-12 16:36:48] Installing org.eclipse.wst.common.frameworks [1.3.0.v202308161955]
[2026-02-12 16:36:48] Installing org.eclipse.wst.common.uriresolver [1.4.0.v202308161955]
[2026-02-12 16:36:48] Installing org.eclipse.wst.sse.core [1.2.1500.v202508302230]
[2026-02-12 16:36:48] Installing org.eclipse.wst.xml.core [1.2.1000.v202508302152]
[2026-02-12 16:36:48] Installing org.glassfish.hk2.osgi-resource-locator [1.0.4]
[2026-02-12 16:36:48] Installing org.gradle.toolingapi [8.9.0.v20240802-1314]
[2026-02-12 16:36:48] Installing org.hamcrest [3.0.0]
[2026-02-12 16:36:48] Installing org.jacoco.agent [0.8.14.202510111229]
[2026-02-12 16:36:48] Installing org.jacoco.core [0.8.14.202510111229]
[2026-02-12 16:36:48] Installing org.jacoco.report [0.8.14.202510111229]
[2026-02-12 16:36:48] Installing org.jcodings [1.0.63.v20250307-1000]
[2026-02-12 16:36:48] Installing org.jdom2 [2.0.6.v20230720-0727]
[2026-02-12 16:36:48] Installing org.joni [2.2.6.v20250329-1000]
[2026-02-12 16:36:48] Installing org.jsoup [1.21.2]
[2026-02-12 16:36:48] Installing org.junit [4.13.2.v20240929-1000]
[2026-02-12 16:36:48] Installing org.mortbay.jasper.mortbay-apache-el [9.0.111]
[2026-02-12 16:36:48] Installing org.mortbay.jasper.mortbay-apache-jsp [9.0.111]
[2026-02-12 16:36:48] Installing org.objectweb.asm [9.9.0]
[2026-02-12 16:36:48] Installing org.objectweb.asm.commons [9.9.0]
[2026-02-12 16:36:48] Installing org.objectweb.asm.tree [9.9.0]
[2026-02-12 16:36:48] Installing org.objectweb.asm.tree.analysis [9.9.0]
[2026-02-12 16:36:48] Installing org.objectweb.asm.util [9.9.0]
[2026-02-12 16:36:48] Installing org.opentest4j [1.3.0]
[2026-02-12 16:36:48] Installing org.osgi.service.cm [1.6.1.202109301733]
[2026-02-12 16:36:48] Installing org.osgi.service.component [1.5.1.202212101352]
[2026-02-12 16:36:48] Installing org.osgi.service.device [1.1.1.202109301733]
[2026-02-12 16:36:48] Installing org.osgi.service.event [1.4.1.202109301733]
[2026-02-12 16:36:48] Installing org.osgi.service.http.whiteboard [1.1.1.202109301733]
[2026-02-12 16:36:48] Installing org.osgi.service.metatype [1.4.1.202109301733]
[2026-02-12 16:36:48] Installing org.osgi.service.prefs [1.1.2.202109301733]
[2026-02-12 16:36:48] Installing org.osgi.service.provisioning [1.2.0.201505202024]
[2026-02-12 16:36:48] Installing org.osgi.service.repository [1.1.0.201505202024]
[2026-02-12 16:36:48] Installing org.osgi.service.upnp [1.2.1.202109301733]
[2026-02-12 16:36:48] Installing org.osgi.service.useradmin [1.1.1.202109301733]
[2026-02-12 16:36:48] Installing org.osgi.service.wireadmin [1.0.2.202109301733]
[2026-02-12 16:36:48] Installing org.osgi.util.function [1.2.0.202109301733]
[2026-02-12 16:36:48] Installing org.osgi.util.measurement [1.0.2.201802012109]
[2026-02-12 16:36:48] Installing org.osgi.util.position [1.0.1.201505202026]
[2026-02-12 16:36:48] Installing org.osgi.util.promise [1.3.0.202212101352]
[2026-02-12 16:36:48] Installing org.osgi.util.xml [1.0.2.202109301733]
[2026-02-12 16:36:48] Installing org.sat4j.core [2.3.6.v20201214]
[2026-02-12 16:36:48] Installing org.sat4j.pb [2.3.6.v20201214]
[2026-02-12 16:36:48] Installing org.snakeyaml.engine [2.10.0]
[2026-02-12 16:36:48] Installing org.tukaani.xz [1.11.0]
[2026-02-12 16:36:48] Installing slf4j.api [2.0.17]
[2026-02-12 16:36:48] Installing tooling.org.eclipse.update.feature.default [1.0.0]
[2026-02-12 16:36:48] Installing tooling.osgi.bundle.default [1.0.0]
[2026-02-12 16:36:48] Installing tooling.source.default [1.0.0]
[2026-02-12 16:36:48] Installing toolingepp.package.java.application [4.38.0.20251204-0849]
[2026-02-12 16:36:48] Installing toolingepp.package.java.config.gtk.linux.x86_64 [4.38.0.20251204-0849]
[2026-02-12 16:36:48] Installing toolingepp.package.java.configuration [4.38.0.20251204-0849]
[2026-02-12 16:36:48] Installing toolingepp.package.java.executable.gtk.linux.x86_64 [4.38.0.20251204-0849]
[2026-02-12 16:36:48] Installing toolingepp.package.java.ini.gtk.linux.x86_64 [4.38.0.20251204-0849]
[2026-02-12 16:36:48] Installing toolinggtk.linux.x86_64org.apache.aries.spifly.dynamic.bundle [4.38.0.20251204-0849]
[2026-02-12 16:36:48] Installing toolinggtk.linux.x86_64org.apache.felix.scr [4.38.0.20251204-0849]
[2026-02-12 16:36:48] Installing toolinggtk.linux.x86_64org.eclipse.core.runtime [4.38.0.20251204-0849]
[2026-02-12 16:36:48] Installing toolinggtk.linux.x86_64org.eclipse.equinox.common [4.38.0.20251204-0849]
[2026-02-12 16:36:48] Installing toolinggtk.linux.x86_64org.eclipse.equinox.event [4.38.0.20251204-0849]
[2026-02-12 16:36:48] Installing toolinggtk.linux.x86_64org.eclipse.equinox.p2.reconciler.dropins [4.38.0.20251204-0849]
[2026-02-12 16:36:48] Installing toolinggtk.linux.x86_64org.eclipse.equinox.simpleconfigurator [4.38.0.20251204-0849]
[2026-02-12 16:36:48] Installing toolingorg.eclipse.equinox.launcher [1.7.100.v20251111-0406]
[2026-02-12 16:36:48] Installing toolingorg.eclipse.equinox.launcher.gtk.linux.x86_64 [1.2.1500.v20250801-0854]
[2026-02-12 16:36:48] Preparing to commit the provisioning operation.
[2026-02-12 16:36:48] Committing the provisioning operation.
[2026-02-12 16:36:49] Performing Eclipse Ini --launcher.appendVmargs
[2026-02-12 16:36:49] Performing Eclipse Ini -vm /usr/lib/jvm/java-1.21.0-openjdk-amd64/bin
[2026-02-12 16:36:49] Changing /home/antxnio/eclipse-workspace/eclipse/eclipse.ini (-vm /usr/lib/jvm/java-1.21.0-openjdk-amd64/bin)
[2026-02-12 16:36:49] Performing Eclipse Ini -Declipse.p2.max.threads=10
[2026-02-12 16:36:49] Changing /home/antxnio/eclipse-workspace/eclipse/eclipse.ini (-Declipse.p2.max.threads=10)
[2026-02-12 16:36:49] Performing Eclipse Ini -Doomph.update.url=https://download.eclipse.org/oomph/updates/latest
[2026-02-12 16:36:49] Changing /home/antxnio/eclipse-workspace/eclipse/eclipse.ini (-Doomph.update.url=https://download.eclipse.org/oomph/updates/latest)
[2026-02-12 16:36:49] Performing Eclipse Ini -Doomph.redirection.index.redirection=index:/->https://raw.githubusercontent.com/eclipse-oomph/oomph/master/setups/
[2026-02-12 16:36:49] Changing /home/antxnio/eclipse-workspace/eclipse/eclipse.ini (-Doomph.redirection.index.redirection=index:/->https://raw.githubusercontent.com/eclipse-oomph/oomph/master/setups/)
[2026-02-12 16:36:49] Performing post bootstrap tasks
[2026-02-12 16:36:49] 
